*************************************************************
****                                                     ****
****            Output from PHASE v2.1.1                 ****
****  Code by M Stephens, with contributions from N Li   ****
****                                                     ****
*************************************************************

BEGIN COMMAND_LINE 
./PHASE cpne1_20k.inp cpne1_20k.out 30 
END COMMAND_LINE 

BEGIN OUTFILE_LIST
cpne1_20k.out_freqs : haplotype frequency estimates
cpne1_20k.out_pairs : most likely haplotype pairs for each individual
cpne1_20k.out_recom : estimates of recombination parameters
cpne1_20k.out_monitor : file for monitoring convergence
END OUTFILE_LIST

BEGIN INPUT_SUMMARY
Number of Individuals: 60
Number of Loci: 79
Positions of loci: 3.36575e+07 3.36577e+07 3.36582e+07 3.36587e+07 3.36591e+07 3.36591e+07 3.36606e+07 3.36611e+07 3.36617e+07 3.36617e+07 3.3664e+07 3.36645e+07 3.36661e+07 3.36684e+07 3.36697e+07 3.36708e+07 3.36709e+07 3.3671e+07 3.36711e+07 3.36713e+07 3.36719e+07 3.36719e+07 3.36724e+07 3.36725e+07 3.36726e+07 3.36726e+07 3.36746e+07 3.36747e+07 3.3676e+07 3.36776e+07 3.36778e+07 3.36781e+07 3.36793e+07 3.36797e+07 3.36798e+07 3.36807e+07 3.36817e+07 3.36819e+07 3.36822e+07 3.36828e+07 3.36829e+07 3.36829e+07 3.36831e+07 3.36831e+07 3.36834e+07 3.3684e+07 3.36842e+07 3.36842e+07 3.36844e+07 3.36846e+07 3.36861e+07 3.36863e+07 3.36873e+07 3.36878e+07 3.36885e+07 3.36887e+07 3.36894e+07 3.36899e+07 3.36906e+07 3.36906e+07 3.36911e+07 3.36918e+07 3.36921e+07 3.36923e+07 3.36924e+07 3.36925e+07 3.36929e+07 3.3693e+07 3.36931e+07 3.36939e+07 3.3694e+07 3.36942e+07 3.36943e+07 3.36944e+07 3.36945e+07 3.36956e+07 3.36958e+07 3.36967e+07 3.36973e+07 
END INPUT_SUMMARY

List of haplotypes found in best reconstruction, with counts.
(See file cpne1_20k.out_freqs for haplotype population frequency estimates)

BEGIN LIST_SUMMARY
         1 ABBAAAAAABAAAAABAABBABBABBABAAABBBABBBBABABBABAAAAABABABAABAABBBABAAABBBBABBAAB    7.000000
         2 ABBBAAAAAAAAABABAABAABBABBAAABABBBBBBBBAAABBABBABAABABABAAAAABBBABABBBBBBABBAAB    1.000000
         3 ABBBAAAAAAAAABABAABAABBABBAAABBBBABABBBAABBBBBBABAABABAAAABABBAABAAABABBBABBABB    1.000000
         4 ABBBAAAAABAAAAABAABBABBABBAAABABBBBBBBBAAABBABBABBABABABAABAAABBABAABBBBBABBBAB   11.000000
         5 ABBBAAAABBAAAAABAABBABBABBAAABABBBBBBBBAAABBABBABBABAAABAABAAABBABAABBBBBABBBAB    1.000000
         6 BABBAAAAAAAAABABAABAABBABBAAABBBBABABBBAABBBABBABAABABAAAABABBAABAAABBBBBABBABB    1.000000
         7 BABBAAAAAAAAABABAABAABBABBAAABBBBABABBBAABBBBBBABAABABAAAABABBAABAAABBBBBABBABB   63.000000
         8 BABBAAAAAAAAABABAABAABBABBAAABBBBABABBBAABBBBBBABAABABAAAABABBAABAAABBBBAABBABB    1.000000
         9 BABBAAAAAAAAABABAABAABBABBAAABBBBABABBBAABBBBBBABAABABAAAABABBAABBAABBBBAABBABB    1.000000
        10 BABBAAAAAAAAABABAABAABBABBAAABBBBABABBBAABBBBBBABAABAAAAAABABBAABAAABBBBBABBABB    2.000000
        11 BABBAAAAAAAAABABAABAABBABBAAABBABABABBBAABBBBBBABAABABAAAABABBAABAAABBBBBABBABB    5.000000
        12 BABBAAAAAAAAABABAABAAABABBAAABBBBAAABBBAABBBBBBABAABABAAAABABBAABAAABBBBBABBABB    1.000000
        13 BABBAAAAAAAAABABAABAAABABBAAABBBBABABBBAABBBBBBABAABABAAAABABBAABAAABBBBBABBABB   13.000000
        14 BABBAAAAAAAABBABAABAABBABBAAABBBBABABBBAABBBBBBABAABABAAAABABBAABAAABBBBBABBABB   10.000000
        15 BABBAAAAAAAABBABAABBABBABBAAABBBBABABBBAABBBBBBABAABABAAAABABBAABAAABBBBBABBABB    1.000000
        16 BAABAAAAAAAAABABAABAAABABBAAABBBBABABBBAABBBBBBABAABABAAAABABBAABAAABBBBBABBABB    1.000000
END LIST_SUMMARY


Summary of best reconstruction
(numbers refer to the list of haplotypes given above)

BEGIN BESTPAIRS_SUMMARY
NA06985: (1,7)
NA06993: (7,15)
NA06994: (7,7)
NA07000: (7,7)
NA07022: (7,10)
NA07034: (7,7)
NA07055: (7,7)
NA07056: (3,7)
NA07345: (1,5)
NA07357: (7,13)
NA11829: (4,4)
NA11830: (7,14)
NA11831: (13,13)
NA11832: (7,14)
NA11839: (4,14)
NA11840: (7,7)
NA11881: (6,7)
NA11882: (7,7)
NA11992: (11,13)
NA11993: (7,13)
NA11994: (1,13)
NA11995: (7,7)
NA12003: (7,13)
NA12004: (7,7)
NA12005: (10,14)
NA12006: (7,7)
NA12043: (7,7)
NA12044: (11,14)
NA12056: (4,13)
NA12057: (7,13)
NA12144: (4,7)
NA12145: (7,7)
NA12146: (4,7)
NA12154: (4,7)
NA12155: (7,13)
NA12156: (1,13)
NA12234: (7,7)
NA12236: (7,7)
NA12239: (1,7)
NA12248: (7,11)
NA12249: (4,7)
NA12264: (7,14)
NA12716: (7,14)
NA12717: (7,7)
NA12750: (7,7)
NA12751: (7,13)
NA12760: (4,14)
NA12761: (2,16)
NA12762: (7,13)
NA12763: (7,7)
NA12812: (7,7)
NA12813: (7,11)
NA12814: (7,12)
NA12815: (1,7)
NA12872: (4,7)
NA12873: (1,4)
NA12874: (14,14)
NA12875: (7,7)
NA12891: (7,11)
NA12892: (8,9)
END BESTPAIRS_SUMMARY


Haplotype estimates for each individual, with uncertain phases enclosed in ()
and uncertain genotypes enclosed in []:

BEGIN BESTPAIRS1
0 NA06985
A B B A A A A A A B A A A A A B A A B B A B B A B B A B A A A B B B A B B B B A B A B B A B A A A A A B A B A B A A B A A B B B A B A A A B B B B A B B A A B 
B A B B A A A A A A A A A B A B A A B A A B B A B B A A A B B B B A B A B B B A A B B B B B B A B A A B A B A A A A B A B B A A B A A A B B B B B A B B A B B 
0 NA06993
B A B B A A A A A A A A (A) B A B A A B A A B B A B B A A A B B B B A B A B B B A A B B B B B B A B A A B A B A A A A B A B B A A B A A A B B B B B A B B A B B 
B A B B A A A A A A A A (B) B A B A A B B A B B A B B A A A B B B B A B A B B B A A B B B B B B A B A A B A B A A A A B A B B A A B A A A B B B B B A B B A B B 
0 NA06994
B A B B A A A A A A A A A B A B A A B A A B B A B B A A A B B B B A B A B B B A A B B B B B B A B A A B A B A A A A B A B B A A B A A A B B B B B A B B A B B 
B A B B A A A A A A A A A B A B A A B A A B B A B B A A A B B B B A B A B B B A A B B B B B B A B A A B A B A A A A B A B B A A B A A A B B B B B A B B A B B 
0 NA07000
B A B B A A A A A A A A A B A B A A B A A B B A B B A A A B B B B A B A B B B A A B B B B B B A B A A B A B A A A A B A B B A A B A A A B B B B B A B B A B B 
B A B B A A A A A A A A A B A B A A B A A B B A B B A A A B B B B A B A B B B A A B B B B B B A B A A B A B A A A A B A B B A A B A A A B B B B B A B B A B B 
0 NA07022
B A B B A A A A A A A A A B A B A A B A A B B A B B A A A B B B B A B A B B B A A B B B B B B A B A A B A B A A A A B A B B A A B A A A B B B B B A B B A B B 
B A B B A A A A A A A A A B A B A A B A A B B A B B A A A B B B B A B A B B B A A B B B B B B A B A A B A A A A A A B A B B A A B A A A B B B B B A B B A B B 
0 NA07034
B A B B A A A A A A A A A B A B A A B A A B B A B B A A A B B B B A B A B B B A A B B B B B B A B A A B A B A A A A B A B B A A B A A A B B B B B A B B A B B 
B A B B A A A A A A A A A B A B A A B A A B B A B B A A A B B B B A B A B B B A A B B B B B B A B A A B A B A A A A B A B B A A B A A A B B B B B A B B A B B 
0 NA07055
B A B B A A A A A A A A A B A B A A B A A B B A B B A A A B B B B A B A B B B A A B B B B B B A B A A B A B A A A A B A B B A A B A A A B B B B B A B B A B B 
B A B B A A A A A A A A A B A B A A B A A B B A B B A A A B B B B A B A B B B A A B B B B B B A B A A B A B A A A A B A B B A A B A A A B B B B B A B B A B B 
0 NA07056
A B B B A A A A A A A A A B A B A A B A A B B A B B A A A B B B B A B A B B B A A B B B B B B A B A A B A B A A A A B A B B A A B A A A B (A) B B B A B B A B B 
B A B B A A A A A A A A A B A B A A B A A B B A B B A A A B B B B A B A B B B A A B B B B B B A B A A B A B A A A A B A B B A A B A A A B (B) B B B A B B A B B 
0 NA07345
A B B A A A A A (A) B A A A A A B A A B B A B B A B B A B A A A B B B A B B B B A B A B B A B A A A A A B A (B) A B A A B A A B B B A B A A A B B B B A B B A A B 
A B B B A A A A (B) B A A A A A B A A B B A B B A B B A A A B A B B B B B B B B A A A B B A B B A B B A B A (A) A B A A B A A A B B A B A A B B B B B A B B B A B 
0 NA07357
B A B B A A A A A A A A A B A B A A B A A B B A B B A A A B B B B A B A B B B A A B B B B B B A B A A B A B A A A A B A B B A A B A A A B B B B B A B B A B B 
B A B B A A A A A A A A A B A B A A B A A A B A B B A A A B B B B A B A B B B A A B B B B B B A B A A B A B A A A A B A B B A A B A A A B B B B B A B B A B B 
0 NA11829
A B B B A A A A A B A A A A A B A A B B A B B A B B A A A B A B B B B B B B B A A A B B A B B A B B A B A B A B A A B A A A B B A B A A B B B B B A B B B A B 
A B B B A A A A A B A A A A A B A A B B A B B A B B A A A B A B B B B B B B B A A A B B A B B A B B A B A B A B A A B A A A B B A B A A B B B B B A B B B A B 
0 NA11830
B A B B A A A A A A A A A B A B A A B A A B B A B B A A A B B B B A B A B B B A A B B B B B B A B A A B A B A A A A B A B B A A B A A A B B B B B A B B A B B 
B A B B A A A A A A A A B B A B A A B A A B B A B B A A A B B B B A B A B B B A A B B B B B B A B A A B A B A A A A B A B B A A B A A A B B B B B A B B A B B 
0 NA11831
B A B B A A A A A A A A A B A B A A B A A A B A B B A A A B B B B A B A B B B A A B B B B B B A B A A B A B A A A A B A B B A A B A A A B B B B B A B B A B B 
B A B B A A A A A A A A A B A B A A B A A A B A B B A A A B B B B A B A B B B A A B B B B B B A B A A B A B A A A A B A B B A A B A A A B B B B B A B B A B B 
0 NA11832
B A B B A A A A A A A A A B A B A A B A A B B A B B A A A B B B B A B A B B B A A B B B B B B A B A A B A B A A A A B A B B A A B A A A B B B B B A B B A B B 
B A B B A A A A A A A A B B A B A A B A A B B A B B A A A B B B B A B A B B B A A B B B B B B A B A A B A B A A A A B A B B A A B A A A B B B B B A B B A B B 
0 NA11839
A B B B A A A A A B A A A A A B A A B B A B B A B B A A A B A B B B B B B B B A A A B B A B B A B B A B A B A B A A B A A A B B A B A A B B B B B A B B B A B 
B A B B A A A A A A A A B B A B A A B A A B B A B B A A A B B B B A B A B B B A A B B B B B B A B A A B A B A A A A B A B B A A B A A A B B B B B A B B A B B 
0 NA11840
B A B B A A A A A A A A A B A B A A B A A B B A B B A A A B B B B A B A B B B A A B B B B B B A B A A B A B A A A A B A B B A A B A A A B B B B B A B B A B B 
B A B B A A A A A A A A A B A B A A B A A B B A B B A A A B B B B A B A B B B A A B B B B B B A B A A B A B A A A A B A B B A A B A A A B B B B B A B B A B B 
0 NA11881
B A B B A A A A A A A A A B A B A A B A A B B A B B A A A B B B B A B A B B B A A B B B A B B A B A A B A B A A A A B A B B A A B A A A B B B B B A B B A B B 
B A B B A A A A A A A A A B A B A A B A A B B A B B A A A B B B B A B A B B B A A B B B B B B A B A A B A B A A A A B A B B A A B A A A B B B B B A B B A B B 
0 NA11882
B A B B A A A A A A A A A B A B A A B A A B B A B B A A A B B B B A B A B B B A A B B B B B B A B A A B A B A A A A B A B B A A B A A A B B B B B A B B A B B 
B A B B A A A A A A A A A B A B A A B A A B B A B B A A A B B B B A B A B B B A A B B B B B B A B A A B A B A A A A B A B B A A B A A A B B B B B A B B A B B 
0 NA11992
B A B B A A A A A A A A A B A B A A B A A B B A B B A A A B B A B A B A B B B A A B B B B B B A B A A B A B A A A A B A B B A A B A A A B B B B B A B B A B B 
B A B B A A A A A A A A A B A B A A B A A A B A B B A A A B B B B A B A B B B A A B B B B B B A B A A B A B A A A A B A B B A A B A A A B B B B B A B B A B B 
0 NA11993
B A B B A A A A A A A A A B A B A A B A A B B A B B A A A B B B B A B A B B B A A B B B B B B A B A A B A B A A A A B A B B A A B A A A B B B B B A B B A B B 
B A B B A A A A A A A A A B A B A A B A A A B A B B A A A B B B B A B A B B B A A B B B B B B A B A A B A B A A A A B A B B A A B A A A B B B B B A B B A B B 
0 NA11994
A B B A A A A A A B A A A A A B A A B B A B B A B B A B A A A B B B A B B B B A B A B B A B A A A A A B A B A B A A B A A B B B A B A A A B B B B A B B A A B 
B A B B A A A A A A A A A B A B A A B A A A B A B B A A A B B B B A B A B B B A A B B B B B B A B A A B A B A A A A B A B B A A B A A A B B B B B A B B A B B 
0 NA11995
B A B B A A A A A A A A A B A B A A B A A B B A B B A A A B B B B A B A B B B A A B B B B B B A B A A B A B A A A A B A B B A A B A A A B B B B B A B B A B B 
B A B B A A A A A A A A A B A B A A B A A B B A B B A A A B B B B A B A B B B A A B B B B B B A B A A B A B A A A A B A B B A A B A A A B B B B B A B B A B B 
0 NA12003
B A B B A A A A A A A A A B A B A A B A A B B A B B A A A B B B B A B A B B B A A B B B B B B A B A A B A B A A A A B A B B A A B A A A B B B B B A B B A B B 
B A B B A A A A A A A A A B A B A A B A A A B A B B A A A B B B B A B A B B B A A B B B B B B A B A A B A B A A A A B A B B A A B A A A B B B B B A B B A B B 
0 NA12004
B A B B A A A A A A A A A B A B A A B A A B B A B B A A A B B B B A B A B B B A A B B B B B B A B A A B A B A A A A B A B B A A B A A A B B B B B A B B A B B 
B A B B A A A A A A A A A B A B A A B A A B B A B B A A A B B B B A B A B B B A A B B B B B B A B A A B A B A A A A B A B B A A B A A A B B B B B A B B A B B 
0 NA12005
B A B B A A A A A A A A A B A B A A B A A B B A B B A A A B B B B A B A B B B A A B B B B B B A B A A B A A A A A A B A B B A A B A A A B B B B B A B B A B B 
B A B B A A A A A A A A B B A B A A B A A B B A B B A A A B B B B A B A B B B A A B B B B B B A B A A B A B A A A A B A B B A A B A A A B B B B B A B B A B B 
0 NA12006
B A B B A A A A A A A A A B A B A A B A A B B A B B A A A B B B B A B A B B B A A B B B B B B A B A A B A B A A A A B A B B A A B A A A B B B B B A B B A B B 
B A B B A A A A A A A A A B A B A A B A A B B A B B A A A B B B B A B A B B B A A B B B B B B A B A A B A B A A A A B A B B A A B A A A B B B B B A B B A B B 
0 NA12043
B A B B A A A A A A A A A B A B A A B A A B B A B B A A A B B B B A B A B B B A A B B B B B B A B A A B A B A A A A B A B B A A B A A A B B B B B A B B A B B 
B A B B A A A A A A A A A B A B A A B A A B B A B B A A A B B B B A B A B B B A A B B B B B B A B A A B A B A A A A B A B B A A B A A A B B B B B A B B A B B 
0 NA12044
B A B B A A A A A A A A A B A B A A B A A B B A B B A A A B B A B A B A B B B A A B B B B B B A B A A B A B A A A A B A B B A A B A A A B B B B B A B B A B B 
B A B B A A A A A A A A B B A B A A B A A B B A B B A A A B B B B A B A B B B A A B B B B B B A B A A B A B A A A A B A B B A A B A A A B B B B B A B B A B B 
0 NA12056
A B B B A A A A A B A A A A A B A A B B A B B A B B A A A B A B B B B B B B B A A A B B A B B A B B A B A B A B A A B A A A B B A B A A B B B B B A B B B A B 
B A B B A A A A A A A A A B A B A A B A A A B A B B A A A B B B B A B A B B B A A B B B B B B A B A A B A B A A A A B A B B A A B A A A B B B B B A B B A B B 
0 NA12057
B A B B A A A A A A A A A B A B A A B A A B B A B B A A A B B B B A B A B B B A A B B B B B B A B A A B A B A A A A B A B B A A B A A A B B B B B A B B A B B 
B A B B A A A A A A A A A B A B A A B A A A B A B B A A A B B B B A B A B B B A A B B B B B B A B A A B A B A A A A B A B B A A B A A A B B B B B A B B A B B 
0 NA12144
A B B B A A A A A B A A A A A B A A B B A B B A B B A A A B A B B B B B B B B A A A B B A B B A B B A B A B A B A A B A A A B B A B A A B B B B B A B B B A B 
B A B B A A A A A A A A A B A B A A B A A B B A B B A A A B B B B A B A B B B A A B B B B B B A B A A B A B A A A A B A B B A A B A A A B B B B B A B B A B B 
0 NA12145
B A B B A A A A A A A A A B A B A A B A A B B A B B A A A B B B B A B A B B B A A B B B B B B A B A A B A B A A A A B A B B A A B A A A B B B B B A B B A B B 
B A B B A A A A A A A A A B A B A A B A A B B A B B A A A B B B B A B A B B B A A B B B B B B A B A A B A B A A A A B A B B A A B A A A B B B B B A B B A B B 
0 NA12146
A B B B A A A A A B A A A A A B A A B B A B B A B B A A A B A B B B B B B B B A A A B B A B B A B B A B A B A B A A B A A A B B A B A A B B B B B A B B B A B 
B A B B A A A A A A A A A B A B A A B A A B B A B B A A A B B B B A B A B B B A A B B B B B B A B A A B A B A A A A B A B B A A B A A A B B B B B A B B A B B 
0 NA12154
A B B B A A A A A B A A A A A B A A B B A B B A B B A A A B A B B B B B B B B A A A B B A B B A B B A B A B A B A A B A A A B B A B A A B B B B B A B B B A B 
B A B B A A A A A A A A A B A B A A B A A B B A B B A A A B B B B A B A B B B A A B B B B B B A B A A B A B A A A A B A B B A A B A A A B B B B B A B B A B B 
0 NA12155
B A B B A A A A A A A A A B A B A A B A A B B A B B A A A B B B B A B A B B B A A B B B B B B A B A A B A B A A A A B A B B A A B A A A B B B B B A B B A B B 
B A B B A A A A A A A A A B A B A A B A A A B A B B A A A B B B B A B A B B B A A B B B B B B A B A A B A B A A A A B A B B A A B A A A B B B B B A B B A B B 
0 NA12156
A B B A A A A A A B A A A A A B A A B B A B B A B B A B A A A B B B A B B B B A B A B B A B A A A A A B A B A B A A B A A B B B A B A A A B B B B A B B A A B 
B A B B A A A A A A A A A B A B A A B A A A B A B B A A A B B B B A B A B B B A A B B B B B B A B A A B A B A A A A B A B B A A B A A A B B B B B A B B A B B 
0 NA12234
B A B B A A A A A A A A A B A B A A B A A B B A B B A A A B B B B A B A B B B A A B B B B B B A B A A B A B A A A A B A B B A A B A A A B B B B B A B B A B B 
B A B B A A A A A A A A A B A B A A B A A B B A B B A A A B B B B A B A B B B A A B B B B B B A B A A B A B A A A A B A B B A A B A A A B B B B B A B B A B B 
0 NA12236
B A B B A A A A A A A A A B A B A A B A A B B A B B A A A B B B B A B A B B B A A B B B B B B A B A A B A B A A A A B A B B A A B A A A B B B B B A B B A B B 
B A B B A A A A A A A A A B A B A A B A A B B A B B A A A B B B B A B A B B B A A B B B B B B A B A A B A B A A A A B A B B A A B A A A B B B B B A B B A B B 
0 NA12239
A B B A A A A A A B A A A A A B A A B B A B B A B B A B A A A B B B A B B B B A B A B B A B A A A A A B A B A B A A B A A B B B A B A A A B B B B A B B A A B 
B A B B A A A A A A A A A B A B A A B A A B B A B B A A A B B B B A B A B B B A A B B B B B B A B A A B A B A A A A B A B B A A B A A A B B B B B A B B A B B 
0 NA12248
B A B B A A A A A A A A A B A B A A B A A B B A B B A A A B B B B A B A B B B A A B B B B B B A B A A B A B A A A A B A B B A A B A A A B B B B B A B B A B B 
B A B B A A A A A A A A A B A B A A B A A B B A B B A A A B B A B A B A B B B A A B B B B B B A B A A B A B A A A A B A B B A A B A A A B B B B B A B B A B B 
0 NA12249
A B B B A A A A A B A A A A A B A A B B A B B A B B A A A B A B B B B B B B B A A A B B A B B A B B A B A B A B A A B A A A B B A B A A B B B B B A B B B A B 
B A B B A A A A A A A A A B A B A A B A A B B A B B A A A B B B B A B A B B B A A B B B B B B A B A A B A B A A A A B A B B A A B A A A B B B B B A B B A B B 
0 NA12264
B A B B A A A A A A A A A B A B A A B A A B B A B B A A A B B B B A B A B B B A A B B B B B B A B A A B A B A A A A B A B B A A B A A A B B B B B A B B A B B 
B A B B A A A A A A A A B B A B A A B A A B B A B B A A A B B B B A B A B B B A A B B B B B B A B A A B A B A A A A B A B B A A B A A A B B B B B A B B A B B 
0 NA12716
B A B B A A A A A A A A A B A B A A B A A B B A B B A A A B B B B A B A B B B A A B B B B B B A B A A B A B A A A A B A B B A A B A A A B B B B B A B B A B B 
B A B B A A A A A A A A B B A B A A B A A B B A B B A A A B B B B A B A B B B A A B B B B B B A B A A B A B A A A A B A B B A A B A A A B B B B B A B B A B B 
0 NA12717
B A B B A A A A A A A A A B A B A A B A A B B A B B A A A B B B B A B A B B B A A B B B B B B A B A A B A B A A A A B A B B A A B A A A B B B B B A B B A B B 
B A B B A A A A A A A A A B A B A A B A A B B A B B A A A B B B B A B A B B B A A B B B B B B A B A A B A B A A A A B A B B A A B A A A B B B B B A B B A B B 
0 NA12750
B A B B A A A A A A A A A B A B A A B A A B B A B B A A A B B B B A B A B B B A A B B B B B B A B A A B A B A A A A B A B B A A B A A A B B B B B A B B A B B 
B A B B A A A A A A A A A B A B A A B A A B B A B B A A A B B B B A B A B B B A A B B B B B B A B A A B A B A A A A B A B B A A B A A A B B B B B A B B A B B 
0 NA12751
B A B B A A A A A A A A A B A B A A B A A B B A B B A A A B B B B A B A B B B A A B B B B B B A B A A B A B A A A A B A B B A A B A A A B B B B B A B B A B B 
B A B B A A A A A A A A A B A B A A B A A A B A B B A A A B B B B A B A B B B A A B B B B B B A B A A B A B A A A A B A B B A A B A A A B B B B B A B B A B B 
0 NA12760
A B B B A A A A A B A A A A A B A A B B A B B A B B A A A B A B B B B B B B B A A A B B A B B A B B A B A B A B A A B A A A B B A B A A B B B B B A B B B A B 
B A B B A A A A A A A A B B A B A A B A A B B A B B A A A B B B B A B A B B B A A B B B B B B A B A A B A B A A A A B A B B A A B A A A B B B B B A B B A B B 
0 NA12761
(A) (B) (B) B A A A A A A A A A B A B A A B A A (B) B A B B A A A B A B B B B B B B B A A A B B A B B A B A A B A B A B A A (A) A A B B B A B A (B) B B B B B A B B A A B 
(B) (A) (A) B A A A A A A A A A B A B A A B A A (A) B A B B A A A B B B B A B A B B B A A B B B B B B A B A A B A B A A A A (B) A B B A A B A A (A) B B B B B A B B A B B 
0 NA12762
B A B B A A A A A A A A A B A B A A B A A B B A B B A A A B B B B A B A B B B A A B B B B B B A B A A B A B A A A A B A B B A A B A A A B B B B B A B B A B B 
B A B B A A A A A A A A A B A B A A B A A A B A B B A A A B B B B A B A B B B A A B B B B B B A B A A B A B A A A A B A B B A A B A A A B B B B B A B B A B B 
0 NA12763
B A B B A A A A A A A A A B A B A A B A A B B A B B A A A B B B B A B A B B B A A B B B B B B A B A A B A B A A A A B A B B A A B A A A B B B B B A B B A B B 
B A B B A A A A A A A A A B A B A A B A A B B A B B A A A B B B B A B A B B B A A B B B B B B A B A A B A B A A A A B A B B A A B A A A B B B B B A B B A B B 
0 NA12812
B A B B A A A A A A A A A B A B A A B A A B B A B B A A A B B B B A B A B B B A A B B B B B B A B A A B A B A A A A B A B B A A B A A A B B B B B A B B A B B 
B A B B A A A A A A A A A B A B A A B A A B B A B B A A A B B B B A B A B B B A A B B B B B B A B A A B A B A A A A B A B B A A B A A A B B B B B A B B A B B 
0 NA12813
B A B B A A A A A A A A A B A B A A B A A B B A B B A A A B B B B A B A B B B A A B B B B B B A B A A B A B A A A A B A B B A A B A A A B B B B B A B B A B B 
B A B B A A A A A A A A A B A B A A B A A B B A B B A A A B B A B A B A B B B A A B B B B B B A B A A B A B A A A A B A B B A A B A A A B B B B B A B B A B B 
0 NA12814
B A B B A A A A A A A A A B A B A A B A A B B A B B A A A B B B B A B A B B B A A B B B B B B A B A A B A B A A A A B A B B A A B A A A B B B B B A B B A B B 
B A B B A A A A A A A A A B A B A A B A A A B A B B A A A B B B B A A A B B B A A B B B B B B A B A A B A B A A A A B A B B A A B A A A B B B B B A B B A B B 
0 NA12815
A B B A A A A A A B A A A A A B A A B B A B B A B B A B A A A B B B A B B B B A B A B B A B A A A A A B A B A B A A B A A B B B A B A A A B B B B A B B A A B 
B A B B A A A A A A A A A B A B A A B A A B B A B B A A A B B B B A B A B B B A A B B B B B B A B A A B A B A A A A B A B B A A B A A A B B B B B A B B A B B 
0 NA12872
A B B B A A A A A B A A A A A B A A B B A B B A B B A A A B A B B B B B B B B A A A B B A B B A B B A B A B A B A A B A A A B B A B A A B B B B B A B B B A B 
B A B B A A A A A A A A A B A B A A B A A B B A B B A A A B B B B A B A B B B A A B B B B B B A B A A B A B A A A A B A B B A A B A A A B B B B B A B B A B B 
0 NA12873
A B B A A A A A A B A A A A A B A A B B A B B A B B A B A A A B B B A B B B B A B A B B A B A A A A A B A B A B A A B A A B B B A B A A A B B B B A B B A A B 
A B B B A A A A A B A A A A A B A A B B A B B A B B A A A B A B B B B B B B B A A A B B A B B A B B A B A B A B A A B A A A B B A B A A B B B B B A B B B A B 
0 NA12874
B A B B A A A A A A A A B B A B A A B A A B B A B B A A A B B B B A B A B B B A A B B B B B B A B A A B A B A A A A B A B B A A B A A A B B B B B A B B A B B 
B A B B A A A A A A A A B B A B A A B A A B B A B B A A A B B B B A B A B B B A A B B B B B B A B A A B A B A A A A B A B B A A B A A A B B B B B A B B A B B 
0 NA12875
B A B B A A A A A A A A A B A B A A B A A B B A B B A A A B B B B A B A B B B A A B B B B B B A B A A B A B A A A A B A B B A A B A A A B B B B B A B B A B B 
B A B B A A A A A A A A A B A B A A B A A B B A B B A A A B B B B A B A B B B A A B B B B B B A B A A B A B A A A A B A B B A A B A A A B B B B B A B B A B B 
0 NA12891
B A B B A A A A A A A A A B A B A A B A A B B A B B A A A B B B B A B A B B B A A B B B B B B A B A A B A B A A A A B A B B A A B A A A B B B B B A B B A B B 
B A B B A A A A A A A A A B A B A A B A A B B A B B A A A B B A B A B A B B B A A B B B B B B A B A A B A B A A A A B A B B A A B A A A B B B B B A B B A B B 
0 NA12892
B A B B A A A A A A A A A B A B A A B A A B B A B B A A A B B B B A B A B B B A A B B B B B B A B A A B A B A A A A B A B B A A B A A A B B B B A A B B A B B 
B A B B A A A A A A A A A B A B A A B A A B B A B B A A A B B B B A B A B B B A A B B B B B B A B A A B A B A A A A B A B B A A B B A A B B B B A A B B A B B 
END BESTPAIRS1


Haplotype estimates for each individual, with uncertain phases enclosed in ()
and uncertain genotypes enclosed in []
with phase known positions indicated by =

BEGIN BESTPAIRS2
0 NA06985
A B = A = = = = = B = = = A = = = = = ? = = = = = = ? B = A A = = B A B = = = = B A = = A = A = A = = = = = = B = = = = A = B B A B = = A = = = = = = = = A = 
B A = B = = = = = A = = = B = = = = = ? = = = = = = ? A = B B = = A B A = = = = A B = = B = B = B = = = = = = A = = = = B = A A B A = = B = = = = = = = = B = 
0 NA06993
= = = = = = = = = = = = (A) = = = ? = = A = = = = = = = = = = = = = = = = = = = = = = = = = = = = = = = = = = = = = = = = = = = = = = = = = = = = = = = = = = = 
= = = = = = = = = = = = (B) = = = ? = = B = = = = = = = = = = = = = = = = = = = = = = = = = = = = = = = = = = = = = = = = = = = = = = = = = = = = = = = = = = = 
0 NA06994
= = = = ? = = = = = = = = = = = = = = = = = = = = = ? = = = = = = = = = = = = = = = = = = = = = = = = = = ? = = = = = = = = = = = = = = = = = = = = = = = = = 
= = = = ? = = = = = = = = = = = = = = = = = = = = = ? = = = = = = = = = = = = = = = = = = = = = = = = = = ? = = = = = = = = = = = = = = = = = = = = = = = = = 
0 NA07000
= = = = = = = = = = = = = = = = = = = = = = = = = = = = = = = = = = = = = = = = = = = = = = = = = = = = = = = = = = = = = = = = = = = = = = = = = = = = = = = 
= = = = = = = = = = = = = = = = = = = = = = = = = = = = = = = = = = = = = = = = = = = = = = = = = = = = = = = = = = = = = = = = = = = = = = = = = = = = = = = 
0 NA07022
= = = = = = = = = = = = = = = = = = = = = = = = = = = = = = = = = = = = = = = = = = = = = = = = = = = = = B = = = = = = = = = = = = = = = = = = = = = = = = = 
= = = = = = = = = = = = = = = = = = = = = = = = = = = = = = = = = = = = = = = = = = = = = = = = = = = = = A = = = = = = = = = = = = = = = = = = = = = = = = = 
0 NA07034
= = = = = = = = = = = = = = = = = = = = = = = = = = ? = = = = = = = = = = = = = = = = = = = = = = = = = = = ? = = = = = = = = = = = = = = = = = = = = = = = = 
= = = = = = = = = = = = = = = = = = = = = = = = = = ? = = = = = = = = = = = = = = = = = = = = = = = = = = = ? = = = = = = = = = = = = = = = = = = = = = = = = 
0 NA07055
= = = = = = = = = = = = = = = = = = = = = = = = = = = = = = = = = = = = = = = = = = = = = = = = = = = = = = = = = = = = = = = = = = = = = = = = = = = = = = = 
= = = = = = = = = = = = = = = = = = = = = = = = = = = = = = = = = = = = = = = = = = = = = = = = = = = = = = = = = = = = = = = = = = = = = = = = = = = = = = = 
0 NA07056
A B = = = = = = = = = = = = = = = = = = = = = = = = = = = = = = = = = = = = = = = = = = = = = = = = = = = = = = = = = = = = = = = = = = = (A) = = = = = = = = = 
B A = = = = = = = = = = = = = = = = = = = = = = = = = = = = = = = = = = = = = = = = = = = = = = = = = = = = = = = = = = = = = = = = = = = (B) = = = = = = = = = 
0 NA07345
= = = A = = = = (A) = = = = = = = = = = = = = = = = = = B = A = = = ? ? = = = = = B = = = = = A = A A = = = (B) = = = = = = = B = = = = = = A = = = ? = = = A = = 
= = = B = = = = (B) = = = = = = = = = = = = = = = = = = A = B = = = ? ? = = = = = A = = = = = B = B B = = = (A) = = = = = = = A = = = = = = B = = = ? = = = B = = 
0 NA07357
= = = = = = = = = = = = = = = = = = = ? = B = = = = = = = = = = = = = = = = = = = = = = = = = = = = = = = = = = = = = = = = = = = = = = = = = = = = = = = = = 
= = = = = = = = = = = = = = = = = = = ? = A = = = = = = = = = = = = = = = = = = = = = = = = = = = = = = = = = = = = = = = = = = = = = = = = = = = = = = = = = 
0 NA11829
= = = = = = = = ? = = = = = = = = = = = = = = = = = = = = = = = = ? = = = = = = = = = = = = = = = ? = = = = = = = = = = = = = = = = = = = ? = = = = = = = = = 
= = = = = = = = ? = = = = = = = = = = = = = = = = = = = = = = = = ? = = = = = = = = = = = = = = = ? = = = = = = = = = = = = = = = = = = = ? = = = = = = = = = 
0 NA11830
= = = = = = = = = = = = A = = = = = = = = = = = = = = = = = = = = = = = = = = = = = = = = = = = = = = = = = = = ? = = = = = = = = = = = = = = = = = = = = = = 
= = = = = = = = = = = = B = = = = = = = = = = = = = = = = = = = = = = = = = = = = = = = = = = = = = = = = = = = ? = = = = = = = = = = = = = = = = = = = = = = 
0 NA11831
= = = = = = = = = = = = = = = = = = = = = = = = = = = = = = = = = = = = = = = = = = = = = = = = = = = = = = = = = = = = = = = = = = = = = = = = = = = = = = = 
= = = = = = = = = = = = = = = = = = = = = = = = = = = = = = = = = = = = = = = = = = = = = = = = = = = = = = = = = = = = = = = = = = = = = = = = = = = = = = = 
0 NA11832
= = = = = = = = = = = = A = = = = = = = = = = = = = = = = = = = = = = = = = = = = = = = = = = = = = = = = = = = = = = = = = = = = = = = = = = = = = = = = = = 
= = = = = = = = = = = = B = = = = = = = = = = = = = = = = = = = = = = = = = = = = = = = = = = = = = = = = = = = = = = = = = = = = = = = = = = = = = = = = = = 
0 NA11839
A B = = = = = = = B = = A A = = = = = B = = = = = = = = = = A = = ? = B = = = = = A = = A = = = = B = = = = = B = = = = A A B B A B = = = = = = = = = = B A = 
B A = = = = = = = A = = B B = = = = = A = = = = = = = = = = B = = ? = A = = = = = B = = B = = = = A = = = = = A = = = = B B A A B A = = = = = = = = = = A B = 
0 NA11840
= = = = = = = = = = = = = = = = = = = = = = = = = = = = = = = = = = = = = = = = = = = = = = = = = = = = = = = = = = = = = = = = = = = = = = = = = = = = = = = 
= = = = = = = = = = = = = = = = = = = = = = = = = = = = = = = = = = = = = = = = = = = = = = = = = = = = = = = = = = = = = = = = = = = = = = = = = = = = = = = 
0 NA11881
= = = = = = = = = = = = = = = = = = = = = = = = = = = = = = = = = = = = = = = = = = = = A = = = = = = = = = = = = = = = = = = = = = = = = = = = = = = = = = = 
= = = = = = = = = = = = = = = = = = = = = = = = = = = = = = = = = = = = = = = = = = = = B = = = = = = = = = = = = = = = = = = = = = = = = = = = = = = = = = = 
0 NA11882
= = = = = = = = = = = = = = = = = = = = = = = = = = = = = = = = = = = = = = = = = = = = = = = = = = = = = = = = = = = = = = = = = = = = = = = = = = = = = = = 
= = = = = = = = = = = = = = = = = = = = = = = = = = = = = = = = = = = = = = = = = = = = = = = = = = = = = = = = = = = = = = = = = = = = = = = = = = = = = = = 
0 NA11992
= = = = = = = = = = = = = = = = = = = = = B = = = = = = = = = A = = = = = = = = = = = = = = = = = = = = = = ? = = = = = = = = = ? = = = = = = = = = = = = = = 
= = = = = = = = = = = = = = = = = = = = = A = = = = = = = = = B = = = = = = = = = = = = = = = = = = = = = = ? = = = = = = = = = ? = = = = = = = = = = = = = = 
0 NA11993
= = = = = = = = = = = = = = = = = = = = = B = = = = = = = = = = = = = = = = = = = = = = = = = = = = = = = = ? = = = = = = = = = = = = = = = = = = = = = = = = 
= = = = = = = = = = = = = = = = = = = = = A = = = = = = = = = = = = = = = = = = = = = = = = = = = = = = = = ? = = = = = = = = = = = = = = = = = = = = = = = = 
0 NA11994
A B = A = = = = = B = = = A = = = = = B = B = = = = = B = A A = = B A B = = = = B A = = A = A = A = = = = = = B = = = = A = B B A B = = A = = = = = = = = A = 
B A = B = = = = = A = = = B = = = = = A = A = = = = = A = B B = = A B A = = = = A B = = B = B = B = = = = = = A = = = = B = A A B A = = B = = = = = = = = B = 
0 NA11995
= = = = = = = = = = = = = = = = = = = ? = = = = = = = = = = = = = = = = = = = = = = = = = = = = = = = = = = = = = = = = = = = = = = = = = = = = = = = = = = = 
= = = = = = = = = = = = = = = = = = = ? = = = = = = = = = = = = = = = = = = = = = = = = = = = = = = = = = = = = = = = = = = = = = = = = = = = = = = = = = = = 
0 NA12003
= = = = = = = = = = = = = = = = = = = = = B = = = = = = = = = = = = = = = = = = = = = = = = = = = = = = = = = = = = = = = = = = = = = = = = = = = = = = = = = 
= = = = = = = = = = = = = = = = = = = = = A = = = = = = = = = = = = = = = = = = = = = = = = = = = = = = = = = = = = = = = = = = = = = = = = = = = = = = = = = 
0 NA12004
= = = = = = = = = = = = = = = = = = = = = = = = = = ? = = = = = = = = = = = = = = = = = = = = = = = = = = = = = = = = = = = = = = = = = = = = = = = = = = = = 
= = = = = = = = = = = = = = = = = = = = = = = = = = ? = = = = = = = = = = = = = = = = = = = = = = = = = = = = = = = = = = = = = = = = = = = = = = = = = = = = 
0 NA12005
= = = = = = = = = = = = A = = = = = = = = = = = = = = = = = = = = = = = = = = = = = = = = = = = = = = = = A = = = = = = = = = = = = = = = = = = ? = = = = = = 
= = = = = = = = = = = = B = = = = = = = = = = = = = = = = = = = = = = = = = = = = = = = = = = = = = = = = B = = = = = = = = = = = = = = = = = = ? = = = = = = 
0 NA12006
= = = = = = = = = = = = = = = = = = = = = = = = = = = = = = = = = = = = = = = = = = = = = = = = = = = = = = = = = = = = = = = = = = = = = = = = = = = = = = = 
= = = = = = = = = = = = = = = = = = = = = = = = = = = = = = = = = = = = = = = = = = = = = = = = = = = = = = = = = = = = = = = = = = = = = = = = = = = = = = = 
0 NA12043
= = = = = = = = = = = = = = = = = = = = = = = = = = ? = = = = = = = = = = = = = = = = = = = = = = = = = = = = = = = = = = = = = = = = = = = = = = = = = = = = 
= = = = = = = = = = = = = = = = = = = = = = = = = = ? = = = = = = = = = = = = = = = = = = = = = = = = = = = = = = = = = = = = = = = = = = = = = = = = = = = = 
0 NA12044
= = = = = = = = = = = = A = = = = = = ? = = = = = = = = = = = A = = = = = = = = = = = = = = = = = = = = = = = = = = = = = = = = = = = = = = = = = = = = = = = 
= = = = = = = = = = = = B = = = = = = ? = = = = = = = = = = = B = = = = = = = = = = = = = = = = = = = = = = = = = = = = = = = = = = = = = = = = = = = = = = = 
0 NA12056
A B = = = = = = ? B = = = A = = = = = B = B = = = = = = = = A = = ? = B = = = = = A = = A = = = = B = = = ? = B = = = = A A B B A B ? = = = = = = = = = B A = 
B A = = = = = = ? A = = = B = = = = = A = A = = = = = = = = B = = ? = A = = = = = B = = B = = = = A = = = ? = A = = = = B B A A B A ? = = = = = = = = = A B = 
0 NA12057
= = = = = = = = = = = = = = = = = = = = = B = = = = = = ? = = = = = = = = = = = = = = = = = = = = = = = = = = = = = = = = = = = = = = = = = = = = = = = = = = 
= = = = = = = = = = = = = = = = = = = = = A = = = = = = ? = = = = = = = = = = = = = = = = = = = = = = = = = = = = = = = = = = = = = = = = = = = = = = = = = = 
0 NA12144
A B = = = = = = = B = = = A = = = = = B = = = = = = = = = ? A = = B = B = = = = = A = = A ? ? ? = B = = = = = B = = = = A A B B A B = = = = = = = = = = B A = 
B A = = = = = = = A = = = B = = = = = A = = = = = = = = = ? B = = A = A = = = = = B = = B ? ? ? = A = = = = = A = = = = B B A A B A = = = = = = = = = = A B = 
0 NA12145
= = = = = = = = = = = = = = = = = = = = = = = = = = = = = = = = = = = = = = = = = = = = = = = = = = = = = = = = = = = = = = = = = = = = = = = = = = = = = = = 
= = = = = = = = = = = = = = = = = = = = = = = = = = = = = = = = = = = = = = = = = = = = = = = = = = = = = = = = = = = = = = = = = = = = = = = = = = = = = = = 
0 NA12146
A B = = = = = = = B = = = A = = = = = B = = = = = = = = = = A = = ? = B = = = = = A = = A = = = = B = = = ? = B = = = = A A B B A B = = = = = = = = = = B A = 
B A = = = = = = = A = = = B = = = = = A = = = = = = = = = = B = = ? = A = = = = = B = = B = = = = A = = = ? = A = = = = B B A A B A = = = = = = = = = = A B = 
0 NA12154
A B = = = = = = = B = = = A = = = = = B = = = = = = = = = ? A = = ? = B = = = = = A = = A ? ? ? = B = = = = ? B = = = = A A B B A B = = = = = = = = = = ? A = 
B A = = = = = = = A = = = B = = = = = A = = = = = = = = = ? B = = ? = A = = = = = B = = B ? ? ? = A = = = = ? A = = = = B B A A B A = = = = = = = = = = ? B = 
0 NA12155
= = = = = = = = = = = = = = = = = = = = = B = = = = = = = = = = = = = = = = = = = = = = = = = = = = = = = = = = = = = = = = = = = = = = = = = = = = = = = = = 
= = = = = = = = = = = = = = = = = = = = = A = = = = = = = = = = = = = = = = = = = = = = = = = = = = = = = = = = = = = = = = = = = = = = = = = = = = = = = = = 
0 NA12156
A B = A = = = = = B = = = ? = = = = = B = B = = = = = B = A ? = = B A B = = = = B A = = A = A = A = = = = = = B = = = = A = B B A B = = A = = = = = = = = A = 
B A = B = = = = = A = = = ? = = = = = A = A = = = = = A = B ? = = A B A = = = = A B = = B = B = B = = = = = = A = = = = B = A A B A = = B = = = = = = = = B = 
0 NA12234
= = = = = = = = = = = = = = = = = = = = = = = = = = = = = = = = = = = = = = = = = = = = = = = = = = = = = = = = = = = = = = = = = = = = = = = = = = = = = = = 
= = = = = = = = = = = = = = = = = = = = = = = = = = = = = = = = = = = = = = = = = = = = = = = = = = = = = = = = = = = = = = = = = = = = = = = = = = = = = = = 
0 NA12236
= = = = = = = = = = = = = = = = = = = = = = = = = = = = = = = = = = = = = = = = = = = ? = = = = = = = = = = ? = = = = = = = = = = = = = = = = = = = = = = = = 
= = = = = = = = = = = = = = = = = = = = = = = = = = = = = = = = = = = = = = = = = = = ? = = = = = = = = = = ? = = = = = = = = = = = = = = = = = = = = = = = = 
0 NA12239
A B = A = = = = = B = = = A = = = = = B = = = = = = = B = A A = = B A B = = = = B A = = A = A = A = = = = = ? B = = = = A = B ? ? B = = A = = = = = = = = A = 
B A = B = = = = = A = = = B = = = = = A = = = = = = = A = B B = = A B A = = = = A B = = B = B = B = = = = = ? A = = = = B = A ? ? A = = B = = = = = = = = B = 
0 NA12248
= = = = = = = = = = = = = = = = = = = = = = = = = = = = = = = B = = = = = = = = = = = = = = = = = = = = = = = = = = = = = = = = = = = = = = = = = = = = = = = 
= = = = = = = = = = = = = = = = = = = = = = = = = = = = = = = A = = = = = = = = = = = = = = = = = = = = = = = = = = = = = = = = = = = = = = = = = = = = = = = 
0 NA12249
A B = = = = = = = B = = = A = = = = = B = = = = = = = = = = A = = B = B = = = = = A = = A = = = = B = = = = = B = = = = A A B B A B = = = = = = = = = = B A = 
B A = = = = = = = A = = = B = = = = = A = = = = = = = = = = B = = A = A = = = = = B = = B = = = = A = = = = = A = = = = B B A A B A = = = = = = = = = = A B = 
0 NA12264
= = = = = = = = = = = = A = = = = = = ? = = = = = = = = = = = = = = = = = = = = = = = = = = = = = = = = = = = = = = = = = = = = = = = = = = = = = = = = = = = 
= = = = = = = = = = = = B = = = = = = ? = = = = = = = = = = = = = = = = = = = = = = = = = = = = = = = = = = = = = = = = = = = = = = = = = = = = = = = = = = = 
0 NA12716
= = = = = = = = = = = = A = = = = = = ? = = = = = = = = = = = = = = = = = = = = = = = = = = = = = = = = = = = = = = = = = = = = = = = = = = = = = = = = = = = 
= = = = = = = = = = = = B = = = = = = ? = = = = = = = = = = = = = = = = = = = = = = = = = = = = = = = = = = = = = = = = = = = = = = = = = = = = = = = = = = = 
0 NA12717
= = = = = = = = = = = = = = = = = = = = = = = = = = = = = = = = = = = = = = = = = = = = = = = = = = = = = = = = = = = = = = = = = = = = = = = = = = = = = = = 
= = = = = = = = = = = = = = = = = = = = = = = = = = = = = = = = = = = = = = = = = = = = = = = = = = = = = = = = = = = = = = = = = = = = = = = = = = = = = = = 
0 NA12750
= = = = = = = = = = = = = = = = = = = = = = = = = = = = = = = = = = = = = = = = = = = = = = = = = = = = = = ? = = = = = = = = = = = = = = = = = = = = = = = = 
= = = = = = = = = = = = = = = = = = = = = = = = = = = = = = = = = = = = = = = = = = = = = = = = = = = = = = ? = = = = = = = = = = = = = = = = = = = = = = = = 
0 NA12751
= = = = = = = = = = = = = = = = = = = = = B = = = = = = = = = = = = = = = = = = = = = = = = = = = = = = = = = = = = = = = = = = = = = = = = = = = = = = = = = 
= = = = = = = = = = = = = = = = = = = = = A = = = = = = = = = = = = = = = = = = = = = = = = = = = = = = = = = = = = = = = = = = = = = = = = = = = = = = = = = 
0 NA12760
A B = = = = = = = B = = A ? = = = = = B = = = = = = = = = = ? = = ? = B = = = = = A = = A = = = = B = = = = ? B = = = = A A B ? ? B = = = = = = = = = = B A = 
B A = = = = = = = A = = B ? = = = = = A = = = = = = = = = = ? = = ? = A = = = = = B = = B = = = = A = = = = ? A = = = = B B A ? ? A = = = = = = = = = = A B = 
0 NA12761
(A) (B) (B) = = = = = ? = = = = = = = = = = = = (B) = = = = = = = = A = = ? = B = = = = = A = = A = = = = = = = = = = B = = (A) = A = B B A B = (B) = = = = = = = = = A = 
(B) (A) (A) = = = = = ? = = = = = = = = = = = = (A) = = = = = = = = B = = ? = A = = = = = B = = B = = = = = = = = = = A = = (B) = B = A A B A = (A) = = = = = = = = = B = 
0 NA12762
= = = = = = = = = = = = = = = = = = = = = B = = = = = = = = = = = = = = = = = = = = = = = = = = = = = = = = = = = = = = = = = = = = = = = = = = = = = = = = = 
= = = = = = = = = = = = = = = = = = = = = A = = = = = = = = = = = = = = = = = = = = = = = = = = = = = = = = = = = = = = = = = = = = = = = = = = = = = = = = = 
0 NA12763
= = = = = = = = = = = = = = = = = = = = = = = = = = = = = = = = = = = = = = = = = = = = = = = = = = = = = = = = = = = = = = = = = = = = = = = = = = = = = = = 
= = = = = = = = = = = = = = = = = = = = = = = = = = = = = = = = = = = = = = = = = = = = = = = = = = = = = = = = = = = = = = = = = = = = = = = = = = = = = = = 
0 NA12812
= = = = = = = = = = = = = = = = = = = = = = = = = = = = = = = = = = = = = = = = = = = = = = = = = = = = = = = = = = = = = = = = = = = = = = = = = = = = = = = 
= = = = = = = = = = = = = = = = = = = = = = = = = = = = = = = = = = = = = = = = = = = = = = = = = = = = = = = = = = = = = = = = = = = = = = = = = = = = = = = 
0 NA12813
= = = = = = = = = = = = = = = = = = = = = = = = = = = = = = = B = = = = = = = = = = = = = = = = = = = = = = = = = = = = = = = = = = = = = = = = = = = = = = = 
= = = = = = = = = = = = = = = = = = = = = = = = = = = = = = = A = = = = = = = = = = = = = = = = = = = = = = = = = = = = = = = = = = = = = = = = = = = = = = = 
0 NA12814
= = = = = = ? = = = ? = = ? = = = = = = = B = ? = = = = = = = = = = B ? = = = = ? = = ? ? = = = = = = = = = ? = = = = = = = = = = = = = = = ? = = = = = = = = 
= = = = = = ? = = = ? = = ? = = = = = = = A = ? = = = = = = = = = = A ? = = = = ? = = ? ? = = = = = = = = = ? = = = = = = = = = = = = = = = ? = = = = = = = = 
0 NA12815
A B = A = = = = = B = = = A = = = = = B = = = = = = = B = A A = = B A B = = = = B A = = A = A = A = = = = = ? B = = = = A = B B A B = = A = = = = = = = = A = 
B A = B = = = = = A = = = B = = = = = A = = = = = = = A = B B = = A B A = = = = A B = = B = B = B = = = = = ? A = = = = B = A A B A = = B = = = = = = = = B = 
0 NA12872
A B = = = = = = = B = = = A = = = = = B = = = = = = = = = = ? = = B = B = = = = = A = = A = = = = B = = = = = B = = = = A A B B A B = = = = = = = = = = B A = 
B A = = = = = = = A = = = B = = = = = A = = = = = = = = = = ? = = A = A = = = = = B = = B = = = = A = = = = = A = = = = B B A A B A = = = = = = = = = = A B = 
0 NA12873
= = = A = = = = ? = = = = = = = = = = = = = = = = = = B = A = = = = A = = = = = B = = = = = A = A A = = = = = = = = = = = B = = = = = = A = = = = = = = A = = 
= = = B = = = = ? = = = = = = = = = = = = = = = = = = A = B = = = = B = = = = = A = = = = = B = B B = = = = = = = = = = = A = = = = = = B = = = = = = = B = = 
0 NA12874
= = = = = = = = = = = = = = = = = = = = = = = = = = = = = = = = = = = = = = = = = = = = = = = = = = = = = = = = = = = = = = = = = = = = = = = = = = = = = = = 
= = = = = = = = = = = = = = = = = = = = = = = = = = = = = = = = = = = = = = = = = = = = = = = = = = = = = = = = = = = = = = = = = = = = = = = = = = = = = = = 
0 NA12875
= = = = = = = = = = = = = = = = = = = = = = = = = = = = = = = = = = = = = = = = = = = = = = = = = = = = = = = = = = = = = = = = = = = = = = = = = = = = = = = 
= = = = = = = = = = = = = = = = = = = = = = = = = = = = = = = = = = = = = = = = = = = = = = = = = = = = = = = = = = = = = = = = = = = = = = = = = = = = = = = 
0 NA12891
= = = = = = = = = = = = = = = = = = = = = = = = = = = = = = = B = = = = = = = = = = = = = = = = = = = = = = = = = = = = = = = = = = = = = = = = = = = = = = = 
= = = = = = = = = = = = = = = = = = = = = = = = = = = = = = = A = = = = = = = = = = = = = = = = = = = = = = = = = = = = = = = = = = = = = = = = = = = = = = = 
0 NA12892
= = = = = = = = = = = = = = = = = = = = = = = = = = = = = = = = = = ? = = = = = = = = = = = = = = = = = = = = = ? = = ? ? ? ? ? = A ? ? ? ? ? ? = ? = = ? = ? 
= = = = = = = = = = = = = = = = = = = = = = = = = = = = = = = = = = ? = = = = = = = = = = = = = = = = = = = = = ? = = ? ? ? ? ? = B ? ? ? ? ? ? = ? = = ? = ? 
END BESTPAIRS2


Phase probabilities at each site
with phase known positions indicated by =
and missing data positions indicated by ?

BEGIN PHASEPROBS
1.00 1.00 = 1.00 = = = = = 1.00 = = = 1.00 = = = = = ? = = = = = = ? 1.00 = 1.00 1.00 = = 1.00 1.00 1.00 = = = = 1.00 1.00 = = 1.00 = 1.00 = 1.00 = = = = = = 1.00 = = = = 1.00 = 1.00 1.00 1.00 1.00 = = 1.00 = = = = = = = = 1.00 = 
= = = = = = = = = = = = 0.57 = = = ? = = 1.00 = = = = = = = = = = = = = = = = = = = = = = = = = = = = = = = = = = = = = = = = = = = = = = = = = = = = = = = = = = = 
= = = = ? = = = = = = = = = = = = = = = = = = = = = ? = = = = = = = = = = = = = = = = = = = = = = = = = = ? = = = = = = = = = = = = = = = = = = = = = = = = = 
= = = = = = = = = = = = = = = = = = = = = = = = = = = = = = = = = = = = = = = = = = = = = = = = = = = = = = = = = = = = = = = = = = = = = = = = = = = = = = = 
= = = = = = = = = = = = = = = = = = = = = = = = = = = = = = = = = = = = = = = = = = = = = = = = = = = = = 1.00 = = = = = = = = = = = = = = = = = = = = = = = = = 
= = = = = = = = = = = = = = = = = = = = = = = = = = ? = = = = = = = = = = = = = = = = = = = = = = = = = = = ? = = = = = = = = = = = = = = = = = = = = = = = = 
= = = = = = = = = = = = = = = = = = = = = = = = = = = = = = = = = = = = = = = = = = = = = = = = = = = = = = = = = = = = = = = = = = = = = = = = = = = = = = = 
1.00 1.00 = = = = = = = = = = = = = = = = = = = = = = = = = = = = = = = = = = = = = = = = = = = = = = = = = = = = = = = = = = = = = = = = = = = 0.51 = = = = = = = = = 
= = = 1.00 = = = = 0.55 = = = = = = = = = = = = = = = = = = 1.00 = 1.00 = = = ? ? = = = = = 1.00 = = = = = 1.00 = 1.00 1.00 = = = 0.53 = = = = = = = 1.00 = = = = = = 1.00 = = = ? = = = 1.00 = = 
= = = = = = = = = = = = = = = = = = = ? = 1.00 = = = = = = = = = = = = = = = = = = = = = = = = = = = = = = = = = = = = = = = = = = = = = = = = = = = = = = = = = 
= = = = = = = = ? = = = = = = = = = = = = = = = = = = = = = = = = ? = = = = = = = = = = = = = = = ? = = = = = = = = = = = = = = = = = = = ? = = = = = = = = = 
= = = = = = = = = = = = 1.00 = = = = = = = = = = = = = = = = = = = = = = = = = = = = = = = = = = = = = = = = = = = ? = = = = = = = = = = = = = = = = = = = = = = 
= = = = = = = = = = = = = = = = = = = = = = = = = = = = = = = = = = = = = = = = = = = = = = = = = = = = = = = = = = = = = = = = = = = = = = = = = = = = = = = 
= = = = = = = = = = = = 1.00 = = = = = = = = = = = = = = = = = = = = = = = = = = = = = = = = = = = = = = = = = = = = = = = = = = = = = = = = = = = = = = = = = = 
1.00 1.00 = = = = = = = 1.00 = = 0.99 1.00 = = = = = 1.00 = = = = = = = = = = 1.00 = = ? = 1.00 = = = = = 1.00 = = 1.00 = = = = 1.00 = = = = = 1.00 = = = = 1.00 1.00 1.00 1.00 1.00 1.00 = = = = = = = = = = 1.00 1.00 = 
= = = = = = = = = = = = = = = = = = = = = = = = = = = = = = = = = = = = = = = = = = = = = = = = = = = = = = = = = = = = = = = = = = = = = = = = = = = = = = = 
= = = = = = = = = = = = = = = = = = = = = = = = = = = = = = = = = = = = = = = = = = = = 1.00 = = = = = = = = = = = = = = = = = = = = = = = = = = = = = = = = = = 
= = = = = = = = = = = = = = = = = = = = = = = = = = = = = = = = = = = = = = = = = = = = = = = = = = = = = = = = = = = = = = = = = = = = = = = = = = = = = = = 
= = = = = = = = = = = = = = = = = = = = = 1.00 = = = = = = = = = 1.00 = = = = = = = = = = = = = = = = = = = = = = ? = = = = = = = = = ? = = = = = = = = = = = = = = 
= = = = = = = = = = = = = = = = = = = = = 1.00 = = = = = = = = = = = = = = = = = = = = = = = = = = = = = = = = ? = = = = = = = = = = = = = = = = = = = = = = = = 
1.00 1.00 = 1.00 = = = = = 1.00 = = = 1.00 = = = = = 1.00 = 1.00 = = = = = 1.00 = 1.00 1.00 = = 1.00 1.00 1.00 = = = = 1.00 1.00 = = 1.00 = 1.00 = 1.00 = = = = = = 1.00 = = = = 1.00 = 1.00 1.00 1.00 1.00 = = 1.00 = = = = = = = = 1.00 = 
= = = = = = = = = = = = = = = = = = = ? = = = = = = = = = = = = = = = = = = = = = = = = = = = = = = = = = = = = = = = = = = = = = = = = = = = = = = = = = = = 
= = = = = = = = = = = = = = = = = = = = = 1.00 = = = = = = = = = = = = = = = = = = = = = = = = = = = = = = = = = = = = = = = = = = = = = = = = = = = = = = = = = 
= = = = = = = = = = = = = = = = = = = = = = = = = = ? = = = = = = = = = = = = = = = = = = = = = = = = = = = = = = = = = = = = = = = = = = = = = = = = = = = = 
= = = = = = = = = = = = 0.91 = = = = = = = = = = = = = = = = = = = = = = = = = = = = = = = = = = = = = = = = 1.00 = = = = = = = = = = = = = = = = = = ? = = = = = = 
= = = = = = = = = = = = = = = = = = = = = = = = = = = = = = = = = = = = = = = = = = = = = = = = = = = = = = = = = = = = = = = = = = = = = = = = = = = = = = = 
= = = = = = = = = = = = = = = = = = = = = = = = = = ? = = = = = = = = = = = = = = = = = = = = = = = = = = = = = = = = = = = = = = = = = = = = = = = = = = = = 
= = = = = = = = = = = = 0.97 = = = = = = ? = = = = = = = = = = = 1.00 = = = = = = = = = = = = = = = = = = = = = = = = = = = = = = = = = = = = = = = = = = = = = = = 
1.00 1.00 = = = = = = ? 1.00 = = = 1.00 = = = = = 1.00 = 1.00 = = = = = = = = 1.00 = = ? = 1.00 = = = = = 1.00 = = 1.00 = = = = 1.00 = = = ? = 1.00 = = = = 1.00 1.00 1.00 1.00 1.00 1.00 ? = = = = = = = = = 1.00 1.00 = 
= = = = = = = = = = = = = = = = = = = = = 1.00 = = = = = = ? = = = = = = = = = = = = = = = = = = = = = = = = = = = = = = = = = = = = = = = = = = = = = = = = = = 
1.00 1.00 = = = = = = = 1.00 = = = 1.00 = = = = = 1.00 = = = = = = = = = ? 1.00 = = 1.00 = 1.00 = = = = = 1.00 = = 1.00 ? ? ? = 1.00 = = = = = 1.00 = = = = 1.00 1.00 1.00 1.00 1.00 1.00 = = = = = = = = = = 1.00 1.00 = 
= = = = = = = = = = = = = = = = = = = = = = = = = = = = = = = = = = = = = = = = = = = = = = = = = = = = = = = = = = = = = = = = = = = = = = = = = = = = = = = 
1.00 1.00 = = = = = = = 1.00 = = = 1.00 = = = = = 1.00 = = = = = = = = = = 1.00 = = ? = 1.00 = = = = = 1.00 = = 1.00 = = = = 1.00 = = = ? = 1.00 = = = = 1.00 1.00 1.00 1.00 1.00 1.00 = = = = = = = = = = 1.00 1.00 = 
1.00 1.00 = = = = = = = 1.00 = = = 1.00 = = = = = 1.00 = = = = = = = = = ? 1.00 = = ? = 1.00 = = = = = 1.00 = = 1.00 ? ? ? = 1.00 = = = = ? 1.00 = = = = 1.00 1.00 1.00 1.00 1.00 1.00 = = = = = = = = = = ? 1.00 = 
= = = = = = = = = = = = = = = = = = = = = 1.00 = = = = = = = = = = = = = = = = = = = = = = = = = = = = = = = = = = = = = = = = = = = = = = = = = = = = = = = = = 
1.00 1.00 = 1.00 = = = = = 1.00 = = = ? = = = = = 1.00 = 1.00 = = = = = 1.00 = 1.00 ? = = 1.00 1.00 1.00 = = = = 1.00 1.00 = = 1.00 = 1.00 = 1.00 = = = = = = 1.00 = = = = 1.00 = 1.00 1.00 1.00 1.00 = = 1.00 = = = = = = = = 1.00 = 
= = = = = = = = = = = = = = = = = = = = = = = = = = = = = = = = = = = = = = = = = = = = = = = = = = = = = = = = = = = = = = = = = = = = = = = = = = = = = = = 
= = = = = = = = = = = = = = = = = = = = = = = = = = = = = = = = = = = = = = = = = = = ? = = = = = = = = = = ? = = = = = = = = = = = = = = = = = = = = = = = = 
1.00 1.00 = 1.00 = = = = = 1.00 = = = 1.00 = = = = = 1.00 = = = = = = = 1.00 = 1.00 1.00 = = 1.00 1.00 1.00 = = = = 1.00 1.00 = = 1.00 = 1.00 = 1.00 = = = = = ? 1.00 = = = = 1.00 = 1.00 ? ? 1.00 = = 1.00 = = = = = = = = 1.00 = 
= = = = = = = = = = = = = = = = = = = = = = = = = = = = = = = 1.00 = = = = = = = = = = = = = = = = = = = = = = = = = = = = = = = = = = = = = = = = = = = = = = = 
1.00 1.00 = = = = = = = 1.00 = = = 1.00 = = = = = 1.00 = = = = = = = = = = 1.00 = = 1.00 = 1.00 = = = = = 1.00 = = 1.00 = = = = 1.00 = = = = = 1.00 = = = = 1.00 1.00 1.00 1.00 1.00 1.00 = = = = = = = = = = 1.00 1.00 = 
= = = = = = = = = = = = 1.00 = = = = = = ? = = = = = = = = = = = = = = = = = = = = = = = = = = = = = = = = = = = = = = = = = = = = = = = = = = = = = = = = = = = 
= = = = = = = = = = = = 1.00 = = = = = = ? = = = = = = = = = = = = = = = = = = = = = = = = = = = = = = = = = = = = = = = = = = = = = = = = = = = = = = = = = = = 
= = = = = = = = = = = = = = = = = = = = = = = = = = = = = = = = = = = = = = = = = = = = = = = = = = = = = = = = = = = = = = = = = = = = = = = = = = = = = = = 
= = = = = = = = = = = = = = = = = = = = = = = = = = = = = = = = = = = = = = = = = = = = = = = = = = = = = = ? = = = = = = = = = = = = = = = = = = = = = = = = 
= = = = = = = = = = = = = = = = = = = = = 1.00 = = = = = = = = = = = = = = = = = = = = = = = = = = = = = = = = = = = = = = = = = = = = = = = = = = = = = = = = = 
1.00 1.00 = = = = = = = 1.00 = = 0.99 ? = = = = = 1.00 = = = = = = = = = = ? = = ? = 1.00 = = = = = 1.00 = = 1.00 = = = = 1.00 = = = = ? 1.00 = = = = 1.00 1.00 1.00 ? ? 1.00 = = = = = = = = = = 1.00 1.00 = 
0.84 0.84 0.56 = = = = = ? = = = = = = = = = = = = 0.84 = = = = = = = = 1.00 = = ? = 1.00 = = = = = 1.00 = = 1.00 = = = = = = = = = = 1.00 = = 0.72 = 1.00 = 1.00 1.00 1.00 1.00 = 0.72 = = = = = = = = = 1.00 = 
= = = = = = = = = = = = = = = = = = = = = 1.00 = = = = = = = = = = = = = = = = = = = = = = = = = = = = = = = = = = = = = = = = = = = = = = = = = = = = = = = = = 
= = = = = = = = = = = = = = = = = = = = = = = = = = = = = = = = = = = = = = = = = = = = = = = = = = = = = = = = = = = = = = = = = = = = = = = = = = = = = = = 
= = = = = = = = = = = = = = = = = = = = = = = = = = = = = = = = = = = = = = = = = = = = = = = = = = = = = = = = = = = = = = = = = = = = = = = = = = = = = = = 
= = = = = = = = = = = = = = = = = = = = = = = = = = = = = = = 1.00 = = = = = = = = = = = = = = = = = = = = = = = = = = = = = = = = = = = = = = = = = = = = = = = 
= = = = = = ? = = = ? = = ? = = = = = = = 1.00 = ? = = = = = = = = = = 1.00 ? = = = = ? = = ? ? = = = = = = = = = ? = = = = = = = = = = = = = = = ? = = = = = = = = 
1.00 1.00 = 1.00 = = = = = 1.00 = = = 1.00 = = = = = 1.00 = = = = = = = 1.00 = 1.00 1.00 = = 1.00 1.00 1.00 = = = = 1.00 1.00 = = 1.00 = 1.00 = 1.00 = = = = = ? 1.00 = = = = 1.00 = 1.00 1.00 1.00 1.00 = = 1.00 = = = = = = = = 1.00 = 
1.00 1.00 = = = = = = = 1.00 = = = 1.00 = = = = = 1.00 = = = = = = = = = = ? = = 1.00 = 1.00 = = = = = 1.00 = = 1.00 = = = = 1.00 = = = = = 1.00 = = = = 1.00 1.00 1.00 1.00 1.00 1.00 = = = = = = = = = = 1.00 1.00 = 
= = = 1.00 = = = = ? = = = = = = = = = = = = = = = = = = 1.00 = 1.00 = = = = 1.00 = = = = = 1.00 = = = = = 1.00 = 1.00 1.00 = = = = = = = = = = = 1.00 = = = = = = 1.00 = = = = = = = 1.00 = = 
= = = = = = = = = = = = = = = = = = = = = = = = = = = = = = = = = = = = = = = = = = = = = = = = = = = = = = = = = = = = = = = = = = = = = = = = = = = = = = = 
= = = = = = = = = = = = = = = = = = = = = = = = = = = = = = = = = = = = = = = = = = = = = = = = = = = = = = = = = = = = = = = = = = = = = = = = = = = = = = = 
= = = = = = = = = = = = = = = = = = = = = = = = = = = = = = = 1.00 = = = = = = = = = = = = = = = = = = = = = = = = = = = = = = = = = = = = = = = = = = = = = = = 
= = = = = = = = = = = = = = = = = = = = = = = = = = = = = = = = = = ? = = = = = = = = = = = = = = = = = = = = = ? = = ? ? ? ? ? = 1.00 ? ? ? ? ? ? = ? = = ? = ? 
END PHASEPROBS
